<?xml version="1.0" encoding="UTF-8"?>
<!-- Generated by org.testng.reporters.JUnitReportReporter -->
<testsuite hostname="DESKTOP-MCUKVIP" failures="0" tests="5" name="TestingJenkins.Country3" time="0.032" errors="0" timestamp="2023-09-15T11:36:38 IST" skipped="0">
  <testcase classname="TestingJenkins.Country3" name="hi" time="0.003"/>
  <testcase classname="TestingJenkins.Country3" name="kw" time="0.004"/>
  <testcase classname="TestingJenkins.Country3" name="to" time="0.002"/>
  <testcase classname="TestingJenkins.Country3" name="il" time="0.006"/>
  <testcase classname="TestingJenkins.Country3" name="nor" time="0.017"/>
</testsuite> <!-- TestingJenkins.Country3 -->
