<?xml version="1.0" encoding="UTF-8"?>
<!-- Generated by org.testng.reporters.JUnitReportReporter -->
<testsuite hostname="DESKTOP-MCUKVIP" failures="0" tests="5" name="TestingJenkins.Country2" time="0.037" errors="0" timestamp="2023-09-15T11:36:38 IST" skipped="0">
  <testcase classname="TestingJenkins.Country2" name="ti" time="0.002"/>
  <testcase classname="TestingJenkins.Country2" name="pe" time="0.002"/>
  <testcase classname="TestingJenkins.Country2" name="ir" time="0.004"/>
  <testcase classname="TestingJenkins.Country2" name="ang" time="0.004"/>
  <testcase classname="TestingJenkins.Country2" name="ger" time="0.025"/>
</testsuite> <!-- TestingJenkins.Country2 -->
