<?xml version="1.0" encoding="UTF-8"?>
<!-- Generated by org.testng.reporters.JUnitReportReporter -->
<testsuite hostname="DESKTOP-MCUKVIP" failures="0" tests="5" name="TestingJenkins.Country1" time="0.059" errors="0" timestamp="2023-09-15T11:36:38 IST" skipped="0">
  <testcase classname="TestingJenkins.Country1" name="spa" time="0.003"/>
  <testcase classname="TestingJenkins.Country1" name="sco" time="0.003"/>
  <testcase classname="TestingJenkins.Country1" name="fin" time="0.006"/>
  <testcase classname="TestingJenkins.Country1" name="eg" time="0.027"/>
  <testcase classname="TestingJenkins.Country1" name="ger" time="0.020"/>
</testsuite> <!-- TestingJenkins.Country1 -->
